<?xml version="1.0" encoding="UTF-8"?>
<!-- Generated by org.testng.reporters.JUnitReportReporter -->
<testsuite hostname="DESKTOP-VLVFQQC" failures="0" tests="2" name="com.orderbump.scripts.CartItemCount_13" time="114.540" errors="0" timestamp="2019-09-13T17:31:39 IST" skipped="0">
  <testcase classname="com.orderbump.scripts.CartItemCount_13" name="isLessThanOrEqualTo_ValidCase_9" time="53.769"/>
  <testcase classname="com.orderbump.scripts.CartItemCount_13" name="isLessThanOrEqualTo_InvalidCase_10" time="60.771"/>
</testsuite> <!-- com.orderbump.scripts.CartItemCount_13 -->
