<?xml version="1.0" encoding="UTF-8"?>
<!-- Generated by org.testng.reporters.JUnitReportReporter -->
<testsuite hostname="DESKTOP-VLVFQQC" failures="0" tests="1" name="com.orderbump.scripts.CartTotal_1" time="58.342" errors="0" timestamp="2019-09-17T11:45:41 IST" skipped="0">
  <testcase classname="com.orderbump.scripts.CartTotal_1" name="isGreaterThan_InvalidCase_4" time="58.342"/>
</testsuite> <!-- com.orderbump.scripts.CartTotal_1 -->
