<?xml version="1.0" encoding="UTF-8"?>
<!-- Generated by org.testng.reporters.JUnitReportReporter -->
<testsuite hostname="DESKTOP-VLVFQQC" failures="0" tests="1" name="com.orderbump.scripts.Time_6" time="44.783" errors="0" timestamp="2019-09-12T17:14:30 IST" skipped="0">
  <testcase classname="com.orderbump.scripts.Time_6" name="isEqualTo_1" time="44.783"/>
</testsuite> <!-- com.orderbump.scripts.Time_6 -->
