<?xml version="1.0" encoding="UTF-8"?>
<!-- Generated by org.testng.reporters.JUnitReportReporter -->
<testsuite hostname="DESKTOP-VLVFQQC" failures="0" tests="2" name="com.orderbump.scripts.Date_5" time="88.054" errors="0" timestamp="2019-09-12T16:30:16 IST" skipped="0">
  <testcase classname="com.orderbump.scripts.Date_5" name="isLessThanOrEqualTo_InvalidCase_10" time="42.785"/>
  <testcase classname="com.orderbump.scripts.Date_5" name="isLessThanOrEqualTo_ValidCase_9" time="45.269"/>
</testsuite> <!-- com.orderbump.scripts.Date_5 -->
