<?xml version="1.0" encoding="UTF-8"?>
<!-- Generated by org.testng.reporters.JUnitReportReporter -->
<testsuite hostname="DESKTOP-VLVFQQC" failures="0" tests="2" name="com.orderbump.scripts.CustomerUserRole_10" time="84.691" errors="0" timestamp="2019-09-13T12:39:11 IST" skipped="0">
  <testcase classname="com.orderbump.scripts.CustomerUserRole_10" name="is_1" time="43.140"/>
  <testcase classname="com.orderbump.scripts.CustomerUserRole_10" name="isNot_2" time="41.551"/>
</testsuite> <!-- com.orderbump.scripts.CustomerUserRole_10 -->
