<?xml version="1.0" encoding="UTF-8"?>
<!-- Generated by org.testng.reporters.JUnitReportReporter -->
<testsuite hostname="DESKTOP-VLVFQQC" failures="0" tests="2" name="com.orderbump.scripts.BillingCountry_8" time="95.680" errors="0" timestamp="2019-09-13T10:01:35 IST" skipped="0">
  <testcase classname="com.orderbump.scripts.BillingCountry_8" name="matchedAnyOf_1" time="49.986"/>
  <testcase classname="com.orderbump.scripts.BillingCountry_8" name="matchesNoneOf_2" time="45.694"/>
</testsuite> <!-- com.orderbump.scripts.BillingCountry_8 -->
