<?xml version="1.0" encoding="UTF-8"?>
<!-- Generated by org.testng.reporters.JUnitReportReporter -->
<testsuite hostname="DESKTOP-VLVFQQC" failures="0" tests="3" name="com.orderbump.scripts.CartCategory_14" time="219.589" errors="0" timestamp="2019-09-16T10:30:00 IST" skipped="0">
  <testcase classname="com.orderbump.scripts.CartCategory_14" name="containsAtMost_1" time="79.759"/>
  <testcase classname="com.orderbump.scripts.CartCategory_14" name="containsExactly_3" time="76.696"/>
  <testcase classname="com.orderbump.scripts.CartCategory_14" name="containsAtLeast_2" time="63.134"/>
</testsuite> <!-- com.orderbump.scripts.CartCategory_14 -->
