<?xml version="1.0" encoding="UTF-8"?>
<!-- Generated by org.testng.reporters.JUnitReportReporter -->
<testsuite hostname="DESKTOP-VLVFQQC" failures="0" tests="4" name="com.orderbump.scripts.CartItem_15" time="319.307" errors="0" timestamp="2019-09-16T13:31:11 IST" skipped="0">
  <testcase classname="com.orderbump.scripts.CartItem_15" name="containsAtMost_2" time="76.243"/>
  <testcase classname="com.orderbump.scripts.CartItem_15" name="doesNotContainsAtLeast_4" time="75.825"/>
  <testcase classname="com.orderbump.scripts.CartItem_15" name="containsAtLeast_1" time="90.764"/>
  <testcase classname="com.orderbump.scripts.CartItem_15" name="containsExactly_3" time="76.475"/>
</testsuite> <!-- com.orderbump.scripts.CartItem_15 -->
