<?xml version="1.0" encoding="UTF-8"?>
<!-- Generated by org.testng.reporters.JUnitReportReporter -->
<testsuite hostname="DESKTOP-VLVFQQC" failures="0" tests="2" name="com.orderbump.scripts.CartCoupons_11" time="129.493" errors="0" timestamp="2019-09-13T13:43:06 IST" skipped="0">
  <testcase classname="com.orderbump.scripts.CartCoupons_11" name="matchesAllOf_2" time="64.179"/>
  <testcase classname="com.orderbump.scripts.CartCoupons_11" name="matchedAnyOf_1" time="65.314"/>
</testsuite> <!-- com.orderbump.scripts.CartCoupons_11 -->
