<?xml version="1.0" encoding="UTF-8"?>
<!-- Generated by org.testng.reporters.JUnitReportReporter -->
<testsuite hostname="DESKTOP-VLVFQQC" failures="0" tests="2" name="com.orderbump.scripts.ShippingCountry_7" time="105.400" errors="0" timestamp="2019-09-13T13:24:56 IST" skipped="0">
  <testcase classname="com.orderbump.scripts.ShippingCountry_7" name="matchedAnyOf_1" time="48.174"/>
  <testcase classname="com.orderbump.scripts.ShippingCountry_7" name="matchesNoneOf_2" time="57.226"/>
</testsuite> <!-- com.orderbump.scripts.ShippingCountry_7 -->
