<?xml version="1.0" encoding="UTF-8"?>
<!-- Generated by org.testng.reporters.JUnitReportReporter -->
<testsuite hostname="DESKTOP-VLVFQQC" failures="0" tests="2" name="com.orderbump.scripts.CartTotal_Subtotal_2" time="117.066" errors="0" timestamp="2019-09-11T16:32:58 IST" skipped="0">
  <testcase classname="com.orderbump.scripts.CartTotal_Subtotal_2" name="isGreaterThanOrEqualTo_InvalidCase_8" time="56.419"/>
  <testcase classname="com.orderbump.scripts.CartTotal_Subtotal_2" name="isGreaterThanOrEqualTo_ValidCase_7" time="60.647"/>
</testsuite> <!-- com.orderbump.scripts.CartTotal_Subtotal_2 -->
