<?xml version="1.0" encoding="UTF-8"?>
<!-- Generated by org.testng.reporters.JUnitReportReporter -->
<testsuite hostname="DESKTOP-VLVFQQC" failures="0" tests="2" name="com.orderbump.scripts.CartItemType_12" time="97.338" errors="0" timestamp="2019-09-13T15:04:34 IST" skipped="0">
  <testcase classname="com.orderbump.scripts.CartItemType_12" name="matchesAllOf_2" time="50.308"/>
  <testcase classname="com.orderbump.scripts.CartItemType_12" name="matchedAnyOf_1" time="47.030"/>
</testsuite> <!-- com.orderbump.scripts.CartItemType_12 -->
