<?xml version="1.0" encoding="UTF-8"?>
<!-- Generated by org.testng.reporters.JUnitReportReporter -->
<testsuite hostname="DESKTOP-VLVFQQC" failures="0" tests="2" name="com.orderbump.scripts.Day_4" time="84.712" errors="0" timestamp="2019-09-13T12:12:27 IST" skipped="0">
  <testcase classname="com.orderbump.scripts.Day_4" name="isNot_2" time="40.678"/>
  <testcase classname="com.orderbump.scripts.Day_4" name="is_1" time="44.034"/>
</testsuite> <!-- com.orderbump.scripts.Day_4 -->
