<?xml version="1.0" encoding="UTF-8"?>
<!-- Generated by org.testng.reporters.JUnitReportReporter -->
<testsuite hostname="DESKTOP-VLVFQQC" failures="0" tests="2" name="com.orderbump.scripts.Customer_9" time="85.415" errors="0" timestamp="2019-09-13T12:22:18 IST" skipped="0">
  <testcase classname="com.orderbump.scripts.Customer_9" name="is_1" time="43.023"/>
  <testcase classname="com.orderbump.scripts.Customer_9" name="isNot_2" time="42.392"/>
</testsuite> <!-- com.orderbump.scripts.Customer_9 -->
